  001-数组理论基础.cpp
  010-1-顺序栈的存储结构及实现(创建栈底栈顶指针).cpp
  010-2-顺序栈的存储结构及实现(创建栈底指针、栈顶位置).cpp
  011-栈的链式存储结构与及实现.cpp
  012-递归运用与实现.cpp
  013-队列的顺序存储结构与实现.cpp
  014-队列的链式表示和实现.cpp
  015-串的链式存储结构与实现.cpp
  016-建立并遍历二叉树(各种方法)源.cpp
  016-树和二叉树的存储结构与实现.cpp
  017-线索二叉树的先序、中序、后序遍历.cpp
  018-树的存储结构-双亲表示法.cpp
  019-二叉树练习.cpp
  002-二分法查找.cpp
D:\Learn files\C++ files\Github Repository\Cpp_Learning_Notes\Data_Structure\CPP\002-二分法查找.cpp(11,13): warning C4267: “初始化”: 从“size_t”转换到“int”，可能丢失数据
  020-哈夫曼树构造算法的实现.cpp
D:\Learn files\C++ files\Github Repository\Cpp_Learning_Notes\Data_Structure\CPP\020-哈夫曼树构造算法的实现.cpp(183,10): warning C4267: “初始化”: 从“size_t”转换到“int”，可能丢失数据
  003-移除元素.cpp
  004-有序数组的平方.cpp
  005-单链表.cpp
  006-单链表的基本操作.cpp
  007-栈的定义与基本实现.cpp
  正在生成代码...
  正在编译...
  008-C++栈的用法与实现.cpp
  009-静态链表删除指定元素.cpp
  021-图的存储结构-无向图的邻接矩阵表示法.cpp
  022-图的存储结构-无向图的邻接表表示法.cpp
  正在生成代码...
  Data_Structure.vcxproj -> D:\Learn files\C++ files\Github Repository\Cpp_Learning_Notes\Data_Structure\x64\Debug\Data_Structure.exe
