  speechManager.cpp
D:\Learn Zone\C++ files\Cpp_PrimaryStage\演讲比赛流程管理系统\speechManager.cpp(56,20): warning C4018: “<”: 有符号/无符号不匹配
F:\Software\Learn Software\Visual Studio 2019\Enterprise\VC\Tools\MSVC\14.29.30133\include\numeric(35,26): warning C4244: “=”: 从“double”转换到“_Ty”，可能丢失数据
          with
          [
              _Ty=int
          ]
F:\Software\Learn Software\Visual Studio 2019\Enterprise\VC\Tools\MSVC\14.29.30133\include\numeric(44): message : 查看对正在编译的函数 模板 实例化“_Ty std::accumulate<_InIt,_Ty,std::plus<void>>(const _InIt,const _InIt,_Ty,_Fn)”的引用
          with
          [
              _Ty=int,
              _InIt=std::_Deque_iterator<std::_Deque_val<std::_Deque_simple_types<double>>>,
              _Fn=std::plus<void>
          ]
D:\Learn Zone\C++ files\Cpp_PrimaryStage\演讲比赛流程管理系统\speechManager.cpp(176): message : 查看对正在编译的函数 模板 实例化“_Ty std::accumulate<std::_Deque_iterator<std::_Deque_val<std::_Deque_simple_types<double>>>,int>(const _InIt,const _InIt,_Ty)”的引用
          with
          [
              _Ty=int,
              _InIt=std::_Deque_iterator<std::_Deque_val<std::_Deque_simple_types<double>>>
          ]
  演讲比赛流程管理系统.cpp
  正在生成代码...
  LINK : 没有找到 D:\Learn Zone\C++ files\Cpp_PrimaryStage\Cpp_PrimaryStage\Data_Structure\Debug\演讲比赛流程管理系统.exe 或上一个增量链接没有生成它；正在执行完全链接
  演讲比赛流程管理系统.vcxproj -> D:\Learn Zone\C++ files\Cpp_PrimaryStage\Cpp_PrimaryStage\Data_Structure\Debug\演讲比赛流程管理系统.exe
