d:\learn files\c++ files\github repository\cpp_learning_notes\cpp_grammar_codenote\cpp_grammar\debug\vc143.pdb
d:\learn files\c++ files\github repository\cpp_learning_notes\cpp_grammar_codenote\cpp_grammar\debug\vc143.idb
d:\learn files\c++ files\github repository\cpp_learning_notes\cpp_grammar_codenote\cpp_grammar\debug\020-一维数组定义方式.obj
d:\learn files\c++ files\github repository\cpp_learning_notes\cpp_grammar_codenote\cpp_grammar\debug\019-程序流程结构goto跳转语句.obj
d:\learn files\c++ files\github repository\cpp_learning_notes\cpp_grammar_codenote\cpp_grammar\debug\018-跳转语句break语句.obj
d:\learn files\c++ files\github repository\cpp_learning_notes\cpp_grammar_codenote\cpp_grammar\debug\017-嵌套循环乘法口诀表案例.obj
d:\learn files\c++ files\github repository\cpp_learning_notes\cpp_grammar_codenote\cpp_grammar\debug\016-嵌套循环.obj
d:\learn files\c++ files\github repository\cpp_learning_notes\cpp_grammar_codenote\cpp_grammar\debug\015-循环结构敲桌子案例.obj
d:\learn files\c++ files\github repository\cpp_learning_notes\cpp_grammar_codenote\cpp_grammar\debug\014-循环结构for循环.obj
d:\learn files\c++ files\github repository\cpp_learning_notes\cpp_grammar_codenote\cpp_grammar\debug\013-循环结构水仙花数案例.obj
d:\learn files\c++ files\github repository\cpp_learning_notes\cpp_grammar_codenote\cpp_grammar\debug\012-while循环猜数字案例.obj
d:\learn files\c++ files\github repository\cpp_learning_notes\cpp_grammar_codenote\cpp_grammar\debug\011-选择结构switch语句.obj
d:\learn files\c++ files\github repository\cpp_learning_notes\cpp_grammar_codenote\cpp_grammar\debug\010-三目运算符.obj
d:\learn files\c++ files\github repository\cpp_learning_notes\cpp_grammar_codenote\cpp_grammar\debug\009-选择结构案例-三只小猪称体重.obj
d:\learn files\c++ files\github repository\cpp_learning_notes\cpp_grammar_codenote\cpp_grammar\debug\008-数据的输入.obj
d:\learn files\c++ files\github repository\cpp_learning_notes\cpp_grammar_codenote\cpp_grammar\debug\007-布尔类型.obj
d:\learn files\c++ files\github repository\cpp_learning_notes\cpp_grammar_codenote\cpp_grammar\debug\006-字符串型.obj
d:\learn files\c++ files\github repository\cpp_learning_notes\cpp_grammar_codenote\cpp_grammar\debug\005-转义字符.obj
d:\learn files\c++ files\github repository\cpp_learning_notes\cpp_grammar_codenote\cpp_grammar\debug\004-字符型.obj
d:\learn files\c++ files\github repository\cpp_learning_notes\cpp_grammar_codenote\cpp_grammar\debug\003-sizeof关键字.obj
d:\learn files\c++ files\github repository\cpp_learning_notes\cpp_grammar_codenote\cpp_grammar\debug\002-变量.obj
d:\learn files\c++ files\github repository\cpp_learning_notes\cpp_grammar_codenote\cpp_grammar\debug\001- helloworld.obj
d:\learn files\c++ files\github repository\cpp_learning_notes\cpp_grammar_codenote\cpp_grammar\debug\039-结构体指针.obj
d:\learn files\c++ files\github repository\cpp_learning_notes\cpp_grammar_codenote\cpp_grammar\debug\038-结构体数组.obj
d:\learn files\c++ files\github repository\cpp_learning_notes\cpp_grammar_codenote\cpp_grammar\debug\037-结构体定义和使用.obj
d:\learn files\c++ files\github repository\cpp_learning_notes\cpp_grammar_codenote\cpp_grammar\debug\036-指针配合数组和函数案例.obj
d:\learn files\c++ files\github repository\cpp_learning_notes\cpp_grammar_codenote\cpp_grammar\debug\035-指针和函数的形参实参.obj
d:\learn files\c++ files\github repository\cpp_learning_notes\cpp_grammar_codenote\cpp_grammar\debug\034-指针和函数.obj
d:\learn files\c++ files\github repository\cpp_learning_notes\cpp_grammar_codenote\cpp_grammar\debug\033-const修饰指针.obj
d:\learn files\c++ files\github repository\cpp_learning_notes\cpp_grammar_codenote\cpp_grammar\debug\032-空指针野指针.obj
d:\learn files\c++ files\github repository\cpp_learning_notes\cpp_grammar_codenote\cpp_grammar\debug\031-指针所占内存空间.obj
d:\learn files\c++ files\github repository\cpp_learning_notes\cpp_grammar_codenote\cpp_grammar\debug\030-指针的定义和使用.obj
d:\learn files\c++ files\github repository\cpp_learning_notes\cpp_grammar_codenote\cpp_grammar\debug\028-函数定义、声明、调用、形参实参.obj
d:\learn files\c++ files\github repository\cpp_learning_notes\cpp_grammar_codenote\cpp_grammar\debug\027-二维数组考试成绩统计案例.obj
d:\learn files\c++ files\github repository\cpp_learning_notes\cpp_grammar_codenote\cpp_grammar\debug\026-二维数组数组名与sizeof运用.obj
d:\learn files\c++ files\github repository\cpp_learning_notes\cpp_grammar_codenote\cpp_grammar\debug\025-二维数组定义方式.obj
d:\learn files\c++ files\github repository\cpp_learning_notes\cpp_grammar_codenote\cpp_grammar\debug\024-一维数组冒泡排序.obj
d:\learn files\c++ files\github repository\cpp_learning_notes\cpp_grammar_codenote\cpp_grammar\debug\023-一维数组元素逆置案例.obj
d:\learn files\c++ files\github repository\cpp_learning_notes\cpp_grammar_codenote\cpp_grammar\debug\022-一维数组五只小猪称体重案例.obj
d:\learn files\c++ files\github repository\cpp_learning_notes\cpp_grammar_codenote\cpp_grammar\debug\021-一维数组数组名.obj
d:\learn files\c++ files\github repository\cpp_learning_notes\cpp_grammar_codenote\cpp_grammar\debug\059-类和对象-封装-成员属性私有化.obj
d:\learn files\c++ files\github repository\cpp_learning_notes\cpp_grammar_codenote\cpp_grammar\debug\058-类和对象-封装-c++中class和struct的区别.obj
d:\learn files\c++ files\github repository\cpp_learning_notes\cpp_grammar_codenote\cpp_grammar\debug\057-类和对象-封装-访问权限.obj
d:\learn files\c++ files\github repository\cpp_learning_notes\cpp_grammar_codenote\cpp_grammar\debug\056-类和对象-封装-设计学生类案例.obj
d:\learn files\c++ files\github repository\cpp_learning_notes\cpp_grammar_codenote\cpp_grammar\debug\055-类和对象-封装-属性和行为作整体.obj
d:\learn files\c++ files\github repository\cpp_learning_notes\cpp_grammar_codenote\cpp_grammar\debug\054-函数高级-函数重载注意事项.obj
d:\learn files\c++ files\github repository\cpp_learning_notes\cpp_grammar_codenote\cpp_grammar\debug\053-函数高级_函数重载基本语法.obj
d:\learn files\c++ files\github repository\cpp_learning_notes\cpp_grammar_codenote\cpp_grammar\debug\052-函数高级_函数的占位参数.obj
d:\learn files\c++ files\github repository\cpp_learning_notes\cpp_grammar_codenote\cpp_grammar\debug\051-函数高级_函数的默认参数.obj
d:\learn files\c++ files\github repository\cpp_learning_notes\cpp_grammar_codenote\cpp_grammar\debug\050-c++中的引用_常量引用.obj
d:\learn files\c++ files\github repository\cpp_learning_notes\cpp_grammar_codenote\cpp_grammar\debug\049-c++中的引用_引用的本质.obj
d:\learn files\c++ files\github repository\cpp_learning_notes\cpp_grammar_codenote\cpp_grammar\debug\048-c++中的引用_引用做函数返回值.obj
d:\learn files\c++ files\github repository\cpp_learning_notes\cpp_grammar_codenote\cpp_grammar\debug\047-c++中的引用_引用做函数参数.obj
d:\learn files\c++ files\github repository\cpp_learning_notes\cpp_grammar_codenote\cpp_grammar\debug\046-c++中的引用_引用的基本用法.obj
d:\learn files\c++ files\github repository\cpp_learning_notes\cpp_grammar_codenote\cpp_grammar\debug\045-程序的内存模型-内存四区-代码区.obj
d:\learn files\c++ files\github repository\cpp_learning_notes\cpp_grammar_codenote\cpp_grammar\debug\044-结构体_三国英雄冒泡排序案例.obj
d:\learn files\c++ files\github repository\cpp_learning_notes\cpp_grammar_codenote\cpp_grammar\debug\043-结构体_老师及所带学生数据案例1.obj
d:\learn files\c++ files\github repository\cpp_learning_notes\cpp_grammar_codenote\cpp_grammar\debug\042-结构体i中const使用场景.obj
d:\learn files\c++ files\github repository\cpp_learning_notes\cpp_grammar_codenote\cpp_grammar\debug\041-结构体嵌套结构体.obj
d:\learn files\c++ files\github repository\cpp_learning_notes\cpp_grammar_codenote\cpp_grammar\debug\040-结构体嵌套结构.obj
d:\learn files\c++ files\github repository\cpp_learning_notes\cpp_grammar_codenote\cpp_grammar\debug\077-4-c++算术运算符重载案例.obj
d:\learn files\c++ files\github repository\cpp_learning_notes\cpp_grammar_codenote\cpp_grammar\debug\076-类和对象-成员函数做友元.obj
d:\learn files\c++ files\github repository\cpp_learning_notes\cpp_grammar_codenote\cpp_grammar\debug\075-类和对象-友元类示例.obj
d:\learn files\c++ files\github repository\cpp_learning_notes\cpp_grammar_codenote\cpp_grammar\debug\074-类和对象-类做友元.obj
d:\learn files\c++ files\github repository\cpp_learning_notes\cpp_grammar_codenote\cpp_grammar\debug\073-类和对象-全局函数做友元(friend).obj
d:\learn files\c++ files\github repository\cpp_learning_notes\cpp_grammar_codenote\cpp_grammar\debug\072-类和对象-对象特性-const修饰成员函数.obj
d:\learn files\c++ files\github repository\cpp_learning_notes\cpp_grammar_codenote\cpp_grammar\debug\071-类和对象-对象特性-空指针访问成员函数.obj
d:\learn files\c++ files\github repository\cpp_learning_notes\cpp_grammar_codenote\cpp_grammar\debug\070-类和对象-c++对象模型和this指针用途.obj
d:\learn files\c++ files\github repository\cpp_learning_notes\cpp_grammar_codenote\cpp_grammar\debug\069-类和对象-静态成员函数.obj
d:\learn files\c++ files\github repository\cpp_learning_notes\cpp_grammar_codenote\cpp_grammar\debug\068-类和对象-静态成员变量.obj
d:\learn files\c++ files\github repository\cpp_learning_notes\cpp_grammar_codenote\cpp_grammar\debug\067-类和对象-对象特性-类对象作为类成员.obj
d:\learn files\c++ files\github repository\cpp_learning_notes\cpp_grammar_codenote\cpp_grammar\debug\066-类和对象-对象特性-初始化列表.obj
d:\learn files\c++ files\github repository\cpp_learning_notes\cpp_grammar_codenote\cpp_grammar\debug\065-类和对象-对象特性-深拷贝与浅拷贝.obj
d:\learn files\c++ files\github repository\cpp_learning_notes\cpp_grammar_codenote\cpp_grammar\debug\064-类和对象-对象特性-函数分类及调用.obj
d:\learn files\c++ files\github repository\cpp_learning_notes\cpp_grammar_codenote\cpp_grammar\debug\063-类和对象-对象特性-构造函数析构函数.obj
d:\learn files\c++ files\github repository\cpp_learning_notes\cpp_grammar_codenote\cpp_grammar\debug\061-类和对象-封装=点和圆设计案例.obj
d:\learn files\c++ files\github repository\cpp_learning_notes\cpp_grammar_codenote\cpp_grammar\debug\060-类和对象-封装-设计案例1-长方体类.obj
d:\learn files\c++ files\github repository\cpp_learning_notes\cpp_grammar_codenote\cpp_grammar\debug\094-c++文件操作-文本文件-读文件.obj
d:\learn files\c++ files\github repository\cpp_learning_notes\cpp_grammar_codenote\cpp_grammar\debug\093-c++文件操作-文本文件-写文件.obj
d:\learn files\c++ files\github repository\cpp_learning_notes\cpp_grammar_codenote\cpp_grammar\debug\092-类和对象 -多态-电脑组装需求分析案例.obj
d:\learn files\c++ files\github repository\cpp_learning_notes\cpp_grammar_codenote\cpp_grammar\debug\091-类和对象-多态-虚析构和纯析构.obj
d:\learn files\c++ files\github repository\cpp_learning_notes\cpp_grammar_codenote\cpp_grammar\debug\090-类和对象-多态-制作饮品案例.obj
d:\learn files\c++ files\github repository\cpp_learning_notes\cpp_grammar_codenote\cpp_grammar\debug\089-类和对象-多态-纯虚函数和抽象类.obj
d:\learn files\c++ files\github repository\cpp_learning_notes\cpp_grammar_codenote\cpp_grammar\debug\088-类和对象-多态-计算器类.obj
d:\learn files\c++ files\github repository\cpp_learning_notes\cpp_grammar_codenote\cpp_grammar\debug\087-类和对象-多态-多态的原理剖析.obj
d:\learn files\c++ files\github repository\cpp_learning_notes\cpp_grammar_codenote\cpp_grammar\debug\086-类和对象-多态-多态的基本语法.obj
d:\learn files\c++ files\github repository\cpp_learning_notes\cpp_grammar_codenote\cpp_grammar\debug\085-类和对象-继承-菱形继承问题与解决.obj
d:\learn files\c++ files\github repository\cpp_learning_notes\cpp_grammar_codenote\cpp_grammar\debug\084-类和对象-继承-继承语法.obj
d:\learn files\c++ files\github repository\cpp_learning_notes\cpp_grammar_codenote\cpp_grammar\debug\083-类和对象-继承-同名静态成员处理.obj
d:\learn files\c++ files\github repository\cpp_learning_notes\cpp_grammar_codenote\cpp_grammar\debug\082-类和对象-继承-同名成员处理.obj
d:\learn files\c++ files\github repository\cpp_learning_notes\cpp_grammar_codenote\cpp_grammar\debug\081-类和对象-继承中构造和析构顺序.obj
d:\learn files\c++ files\github repository\cpp_learning_notes\cpp_grammar_codenote\cpp_grammar\debug\080-类和对象-继承-基础语法.obj
d:\learn files\c++ files\github repository\cpp_learning_notes\cpp_grammar_codenote\cpp_grammar\debug\079-类和对象-继承-继承方式.obj
d:\learn files\c++ files\github repository\cpp_learning_notes\cpp_grammar_codenote\cpp_grammar\debug\078类和对象-c++左移运算符重载.obj
d:\learn files\c++ files\github repository\cpp_learning_notes\cpp_grammar_codenote\cpp_grammar\debug\077.3-c++几种常用的运算符重载.obj
d:\learn files\c++ files\github repository\cpp_learning_notes\cpp_grammar_codenote\cpp_grammar\debug\077.2-c++友元运符重载的概念.obj
d:\learn files\c++ files\github repository\cpp_learning_notes\cpp_grammar_codenote\cpp_grammar\debug\077.1-c++成员运算符重载的概念1.obj
d:\learn files\c++ files\github repository\cpp_learning_notes\cpp_grammar_codenote\cpp_grammar\debug\113-stl·初识-vector存放内置数据.obj
d:\learn files\c++ files\github repository\cpp_learning_notes\cpp_grammar_codenote\cpp_grammar\debug\112-stl初识-stl的基本概念.obj
d:\learn files\c++ files\github repository\cpp_learning_notes\cpp_grammar_codenote\cpp_grammar\debug\111-模板-类模板案例-数组类封装.obj
d:\learn files\c++ files\github repository\cpp_learning_notes\cpp_grammar_codenote\cpp_grammar\debug\110-模板-类模板与友元.obj
d:\learn files\c++ files\github repository\cpp_learning_notes\cpp_grammar_codenote\cpp_grammar\debug\108-模板-类模板成员函数类外实现.obj
d:\learn files\c++ files\github repository\cpp_learning_notes\cpp_grammar_codenote\cpp_grammar\debug\107-模板-类模板与继承.obj
d:\learn files\c++ files\github repository\cpp_learning_notes\cpp_grammar_codenote\cpp_grammar\debug\106-模板-类模板对象做函数参数.obj
d:\learn files\c++ files\github repository\cpp_learning_notes\cpp_grammar_codenote\cpp_grammar\debug\105-模板-类模板中成员函数创建时机.obj
d:\learn files\c++ files\github repository\cpp_learning_notes\cpp_grammar_codenote\cpp_grammar\debug\104-模板-类模板与函数模板区别.obj
d:\learn files\c++ files\github repository\cpp_learning_notes\cpp_grammar_codenote\cpp_grammar\debug\103-模板-类模板基本语法.obj
d:\learn files\c++ files\github repository\cpp_learning_notes\cpp_grammar_codenote\cpp_grammar\debug\102-模板-模板的局限性.obj
d:\learn files\c++ files\github repository\cpp_learning_notes\cpp_grammar_codenote\cpp_grammar\debug\101-模板-普通函数与函数模板的调用规则.obj
d:\learn files\c++ files\github repository\cpp_learning_notes\cpp_grammar_codenote\cpp_grammar\debug\100-模板-普通函数与函数模板的区别.obj
d:\learn files\c++ files\github repository\cpp_learning_notes\cpp_grammar_codenote\cpp_grammar\debug\099-模板-函数模板案例-数组排序.obj
d:\learn files\c++ files\github repository\cpp_learning_notes\cpp_grammar_codenote\cpp_grammar\debug\098-模板-函数模板注意事项.obj
d:\learn files\c++ files\github repository\cpp_learning_notes\cpp_grammar_codenote\cpp_grammar\debug\097-模板-函数模板基本语法.obj
d:\learn files\c++ files\github repository\cpp_learning_notes\cpp_grammar_codenote\cpp_grammar\debug\096-c++文件操作-二进制文件-读文件.obj
d:\learn files\c++ files\github repository\cpp_learning_notes\cpp_grammar_codenote\cpp_grammar\debug\095-c++文件操作-二进制文件-写文件.obj
d:\learn files\c++ files\github repository\cpp_learning_notes\cpp_grammar_codenote\cpp_grammar\debug\131-deque容器.obj
d:\learn files\c++ files\github repository\cpp_learning_notes\cpp_grammar_codenote\cpp_grammar\debug\130-vector预留空间.obj
d:\learn files\c++ files\github repository\cpp_learning_notes\cpp_grammar_codenote\cpp_grammar\debug\129vector互换容器.obj
d:\learn files\c++ files\github repository\cpp_learning_notes\cpp_grammar_codenote\cpp_grammar\debug\128-vector容器-数据存取.obj
d:\learn files\c++ files\github repository\cpp_learning_notes\cpp_grammar_codenote\cpp_grammar\debug\127-vector插入和删除.obj
d:\learn files\c++ files\github repository\cpp_learning_notes\cpp_grammar_codenote\cpp_grammar\debug\127-2-vector容器序列输出奇数平方.obj
d:\learn files\c++ files\github repository\cpp_learning_notes\cpp_grammar_codenote\cpp_grammar\debug\127-1-vector删除元素详解.obj
d:\learn files\c++ files\github repository\cpp_learning_notes\cpp_grammar_codenote\cpp_grammar\debug\126-vector容量和大小.obj
d:\learn files\c++ files\github repository\cpp_learning_notes\cpp_grammar_codenote\cpp_grammar\debug\125-vector赋值操作.obj
d:\learn files\c++ files\github repository\cpp_learning_notes\cpp_grammar_codenote\cpp_grammar\debug\124-vector容器-构造函数.obj
d:\learn files\c++ files\github repository\cpp_learning_notes\cpp_grammar_codenote\cpp_grammar\debug\123-string容器-子串获取.obj
d:\learn files\c++ files\github repository\cpp_learning_notes\cpp_grammar_codenote\cpp_grammar\debug\122-string容器-字符串插入和删除.obj
d:\learn files\c++ files\github repository\cpp_learning_notes\cpp_grammar_codenote\cpp_grammar\debug\121-string容器-字符存取.obj
d:\learn files\c++ files\github repository\cpp_learning_notes\cpp_grammar_codenote\cpp_grammar\debug\120-string字符串比较.obj
d:\learn files\c++ files\github repository\cpp_learning_notes\cpp_grammar_codenote\cpp_grammar\debug\119-string容器-字符串查找和替换.obj
d:\learn files\c++ files\github repository\cpp_learning_notes\cpp_grammar_codenote\cpp_grammar\debug\118-string容器-字符串拼接.obj
d:\learn files\c++ files\github repository\cpp_learning_notes\cpp_grammar_codenote\cpp_grammar\debug\117-string容器-赋值操作.obj
d:\learn files\c++ files\github repository\cpp_learning_notes\cpp_grammar_codenote\cpp_grammar\debug\116-stl初识-string容器-构造函数.obj
d:\learn files\c++ files\github repository\cpp_learning_notes\cpp_grammar_codenote\cpp_grammar\debug\115-stl初识-容器嵌套容器.obj
d:\learn files\c++ files\github repository\cpp_learning_notes\cpp_grammar_codenote\cpp_grammar\debug\114-stl初识-vector存放自定义数据类型.obj
d:\learn files\c++ files\github repository\cpp_learning_notes\cpp_grammar_codenote\cpp_grammar\debug\150-set容器-插入和删除.obj
d:\learn files\c++ files\github repository\cpp_learning_notes\cpp_grammar_codenote\cpp_grammar\debug\149-set容器-大小和交换.obj
d:\learn files\c++ files\github repository\cpp_learning_notes\cpp_grammar_codenote\cpp_grammar\debug\148-set容器-构造和赋值.obj
d:\learn files\c++ files\github repository\cpp_learning_notes\cpp_grammar_codenote\cpp_grammar\debug\147-list容器-排序案例.obj
d:\learn files\c++ files\github repository\cpp_learning_notes\cpp_grammar_codenote\cpp_grammar\debug\146-list容器-反转和排序.obj
d:\learn files\c++ files\github repository\cpp_learning_notes\cpp_grammar_codenote\cpp_grammar\debug\145-list容器-数据存取.obj
d:\learn files\c++ files\github repository\cpp_learning_notes\cpp_grammar_codenote\cpp_grammar\debug\144-list容器-插入和删除.obj
d:\learn files\c++ files\github repository\cpp_learning_notes\cpp_grammar_codenote\cpp_grammar\debug\143-list容器-赋值和交换.obj
d:\learn files\c++ files\github repository\cpp_learning_notes\cpp_grammar_codenote\cpp_grammar\debug\142-list容器-大小操作.obj
d:\learn files\c++ files\github repository\cpp_learning_notes\cpp_grammar_codenote\cpp_grammar\debug\141-list容器-构造函数.obj
d:\learn files\c++ files\github repository\cpp_learning_notes\cpp_grammar_codenote\cpp_grammar\debug\141-list容器-基本概念.obj
d:\learn files\c++ files\github repository\cpp_learning_notes\cpp_grammar_codenote\cpp_grammar\debug\140-queue容器-常用接口.obj
d:\learn files\c++ files\github repository\cpp_learning_notes\cpp_grammar_codenote\cpp_grammar\debug\139-queue容器基本概念.obj
d:\learn files\c++ files\github repository\cpp_learning_notes\cpp_grammar_codenote\cpp_grammar\debug\138-stack容器-基本概念和常用接口.obj
d:\learn files\c++ files\github repository\cpp_learning_notes\cpp_grammar_codenote\cpp_grammar\debug\137-stl案例分析-评委打分.obj
d:\learn files\c++ files\github repository\cpp_learning_notes\cpp_grammar_codenote\cpp_grammar\debug\136-deque容器-排序.obj
d:\learn files\c++ files\github repository\cpp_learning_notes\cpp_grammar_codenote\cpp_grammar\debug\135-deque容器-数据存取.obj
d:\learn files\c++ files\github repository\cpp_learning_notes\cpp_grammar_codenote\cpp_grammar\debug\134-deque-插入和删除.obj
d:\learn files\c++ files\github repository\cpp_learning_notes\cpp_grammar_codenote\cpp_grammar\debug\133-deque容器-大小操作.obj
d:\learn files\c++ files\github repository\cpp_learning_notes\cpp_grammar_codenote\cpp_grammar\debug\132-deque赋值操作.obj
d:\learn files\c++ files\github repository\cpp_learning_notes\cpp_grammar_codenote\cpp_grammar\debug\170-常用遍历算法-transform.obj
d:\learn files\c++ files\github repository\cpp_learning_notes\cpp_grammar_codenote\cpp_grammar\debug\169-常用遍历算法-for_each.obj
d:\learn files\c++ files\github repository\cpp_learning_notes\cpp_grammar_codenote\cpp_grammar\debug\168-内建函数对象-逻辑仿函数.obj
d:\learn files\c++ files\github repository\cpp_learning_notes\cpp_grammar_codenote\cpp_grammar\debug\167-内建函数对象-关系仿函数.obj
d:\learn files\c++ files\github repository\cpp_learning_notes\cpp_grammar_codenote\cpp_grammar\debug\166-内建函数对象-算数仿函数.obj
d:\learn files\c++ files\github repository\cpp_learning_notes\cpp_grammar_codenote\cpp_grammar\debug\165-谓词-二元谓词.obj
d:\learn files\c++ files\github repository\cpp_learning_notes\cpp_grammar_codenote\cpp_grammar\debug\164-谓词-一元谓词.obj
d:\learn files\c++ files\github repository\cpp_learning_notes\cpp_grammar_codenote\cpp_grammar\debug\163-函数对象-函数对象基本使用.obj
d:\learn files\c++ files\github repository\cpp_learning_notes\cpp_grammar_codenote\cpp_grammar\debug\162-stl案例-员工分组.obj
d:\learn files\c++ files\github repository\cpp_learning_notes\cpp_grammar_codenote\cpp_grammar\debug\161-map容器-自定义数据指定类型排序.obj
d:\learn files\c++ files\github repository\cpp_learning_notes\cpp_grammar_codenote\cpp_grammar\debug\160-map容器-排序.obj
d:\learn files\c++ files\github repository\cpp_learning_notes\cpp_grammar_codenote\cpp_grammar\debug\159-map容器-查找和统计.obj
d:\learn files\c++ files\github repository\cpp_learning_notes\cpp_grammar_codenote\cpp_grammar\debug\158-map容器-插入和删除.obj
d:\learn files\c++ files\github repository\cpp_learning_notes\cpp_grammar_codenote\cpp_grammar\debug\157-map容器-大小和交换.obj
d:\learn files\c++ files\github repository\cpp_learning_notes\cpp_grammar_codenote\cpp_grammar\debug\156-map容器-构造和赋值.obj
d:\learn files\c++ files\github repository\cpp_learning_notes\cpp_grammar_codenote\cpp_grammar\debug\155-set容器-自定义数据类型指定排序.obj
d:\learn files\c++ files\github repository\cpp_learning_notes\cpp_grammar_codenote\cpp_grammar\debug\154-set容器-内置类型指定排序规则.obj
d:\learn files\c++ files\github repository\cpp_learning_notes\cpp_grammar_codenote\cpp_grammar\debug\153-pair使用-pair对组创建.obj
d:\learn files\c++ files\github repository\cpp_learning_notes\cpp_grammar_codenote\cpp_grammar\debug\152-set容器-set和multiset容器的区别.obj
d:\learn files\c++ files\github repository\cpp_learning_notes\cpp_grammar_codenote\cpp_grammar\debug\151-set容器-查找和统计.obj
d:\learn files\c++ files\github repository\cpp_learning_notes\cpp_grammar_codenote\cpp_grammar\debug\189-常用集合算法-set_difference.obj
d:\learn files\c++ files\github repository\cpp_learning_notes\cpp_grammar_codenote\cpp_grammar\debug\188-常用集合算法-set_union.obj
d:\learn files\c++ files\github repository\cpp_learning_notes\cpp_grammar_codenote\cpp_grammar\debug\187-常用集合算法-set_intersection.obj
d:\learn files\c++ files\github repository\cpp_learning_notes\cpp_grammar_codenote\cpp_grammar\debug\186-常用算术生成算法-fill.obj
d:\learn files\c++ files\github repository\cpp_learning_notes\cpp_grammar_codenote\cpp_grammar\debug\185-常用算术生成算法-accumulate.obj
d:\learn files\c++ files\github repository\cpp_learning_notes\cpp_grammar_codenote\cpp_grammar\debug\184-常用拷贝和替换算法-swap.obj
d:\learn files\c++ files\github repository\cpp_learning_notes\cpp_grammar_codenote\cpp_grammar\debug\183-常用拷贝和替换算法-replace_if.obj
d:\learn files\c++ files\github repository\cpp_learning_notes\cpp_grammar_codenote\cpp_grammar\debug\182-常用拷贝和替换算法-replace.obj
d:\learn files\c++ files\github repository\cpp_learning_notes\cpp_grammar_codenote\cpp_grammar\debug\181-常用拷贝和替换算法-copy.obj
d:\learn files\c++ files\github repository\cpp_learning_notes\cpp_grammar_codenote\cpp_grammar\debug\180-常用排序算法-reverse.obj
d:\learn files\c++ files\github repository\cpp_learning_notes\cpp_grammar_codenote\cpp_grammar\debug\179-常用排序算法-merge.obj
d:\learn files\c++ files\github repository\cpp_learning_notes\cpp_grammar_codenote\cpp_grammar\debug\178-常用排序算法-random_shuffle.obj
d:\learn files\c++ files\github repository\cpp_learning_notes\cpp_grammar_codenote\cpp_grammar\debug\177-常用排序算法sort.obj
d:\learn files\c++ files\github repository\cpp_learning_notes\cpp_grammar_codenote\cpp_grammar\debug\176-常用查找算法-count_if.obj
d:\learn files\c++ files\github repository\cpp_learning_notes\cpp_grammar_codenote\cpp_grammar\debug\175-常用查找算法-count.obj
d:\learn files\c++ files\github repository\cpp_learning_notes\cpp_grammar_codenote\cpp_grammar\debug\174-常用查找算法-binary_search.obj
d:\learn files\c++ files\github repository\cpp_learning_notes\cpp_grammar_codenote\cpp_grammar\debug\173-常见查找算法-adjacent_find.obj
d:\learn files\c++ files\github repository\cpp_learning_notes\cpp_grammar_codenote\cpp_grammar\debug\172-常见查找算法-find_if.obj
d:\learn files\c++ files\github repository\cpp_learning_notes\cpp_grammar_codenote\cpp_grammar\debug\171-常用查找算法-find.obj
d:\learn files\c++ files\github repository\cpp_learning_notes\cpp_grammar_codenote\cpp_grammar\debug\029.1-swap函数.obj
d:\learn files\c++ files\github repository\cpp_learning_notes\cpp_grammar_codenote\cpp_grammar\debug\062.3-类和对象-封装-61点和圆案例的类拆分编写.obj
d:\learn files\c++ files\github repository\cpp_learning_notes\cpp_grammar_codenote\cpp_grammar\debug\062.2-圆类circle分件编写.obj
d:\learn files\c++ files\github repository\cpp_learning_notes\cpp_grammar_codenote\cpp_grammar\debug\062.1-点类point分件编写.obj
d:\learn files\c++ files\github repository\cpp_learning_notes\cpp_grammar_codenote\cpp_grammar\debug\109-模板-类模板分文件编写.obj
d:\learn files\c++ files\github repository\cpp_learning_notes\cpp_grammar_codenote\cpp_grammar\debug\109-类模板分文件编写person.obj
d:\learn files\c++ files\github repository\cpp_learning_notes\cpp_grammar_codenote\cpp_grammar\debug\029-函数的分文件编写.obj
d:\learn files\c++ files\github repository\cpp_learning_notes\cpp_grammar_codenote\debug\cpp_grammar.exe
d:\learn files\c++ files\github repository\cpp_learning_notes\cpp_grammar_codenote\debug\cpp_grammar.pdb
d:\learn files\c++ files\github repository\cpp_learning_notes\cpp_grammar_codenote\cpp_grammar\debug\cpp_grammar.ilk
d:\learn files\c++ files\github repository\cpp_learning_notes\cpp_grammar_codenote\cpp_grammar\debug\cpp_grammar.tlog\cl.command.1.tlog
d:\learn files\c++ files\github repository\cpp_learning_notes\cpp_grammar_codenote\cpp_grammar\debug\cpp_grammar.tlog\cl.items.tlog
d:\learn files\c++ files\github repository\cpp_learning_notes\cpp_grammar_codenote\cpp_grammar\debug\cpp_grammar.tlog\cl.read.1.tlog
d:\learn files\c++ files\github repository\cpp_learning_notes\cpp_grammar_codenote\cpp_grammar\debug\cpp_grammar.tlog\cl.write.1.tlog
d:\learn files\c++ files\github repository\cpp_learning_notes\cpp_grammar_codenote\cpp_grammar\debug\cpp_grammar.tlog\link.command.1.tlog
d:\learn files\c++ files\github repository\cpp_learning_notes\cpp_grammar_codenote\cpp_grammar\debug\cpp_grammar.tlog\link.read.1.tlog
d:\learn files\c++ files\github repository\cpp_learning_notes\cpp_grammar_codenote\cpp_grammar\debug\cpp_grammar.tlog\link.secondary.1.tlog
d:\learn files\c++ files\github repository\cpp_learning_notes\cpp_grammar_codenote\cpp_grammar\debug\cpp_grammar.tlog\link.write.1.tlog
